#-----------------------------------------------------------
# Vivado v2022.1 (64-bit)
# SW Build 3526262 on Mon Apr 18 15:48:16 MDT 2022
# IP Build 3524634 on Mon Apr 18 20:55:01 MDT 2022
# Start of session at: Fri Aug 26 13:33:00 2022
# Process ID: 1644
# Current directory: C:/Users/asoptere/AppData/Roaming/Xilinx/Vivado
# Command line: vivado.exe -gui_launcher_event rodinguilauncherevent19460
# Log file: C:/Users/asoptere/AppData/Roaming/Xilinx/Vivado/vivado.log
# Journal file: C:/Users/asoptere/AppData/Roaming/Xilinx/Vivado\vivado.jou
# Running On: ASOPTEREAN, OS: Windows, CPU Frequency: 3492 MHz, CPU Physical cores: 6, Host memory: 34301 MB
#-----------------------------------------------------------
start_gui
WARNING: [Board 49-26] cannot add Board Part xilinx.com:vpk120_es:part0:1.2 available at C:/Xilinx/Vivado/2022.1/data/xhub/boards/XilinxBoardStore/boards/Xilinx/vpk120/es/1.2/board.xml as part xcvp1202-vsva2785-2mp-e-s-es1 specified in board_part file is either invalid or not available
WARNING: [Board 49-26] cannot add Board Part xilinx.com:vpk120_es_revb:part0:1.0 available at C:/Xilinx/Vivado/2022.1/data/xhub/boards/XilinxBoardStore/boards/Xilinx/vpk120_revb/es/1.0/board.xml as part xcvp1202-vsva2785-2mp-e-s-es1 specified in board_part file is either invalid or not available
WARNING: [Board 49-26] cannot add Board Part xilinx.com:zcu208ld:part0:2.0 available at C:/Xilinx/Vivado/2022.1/data/xhub/boards/XilinxBoardStore/boards/Xilinx/zcu208ld/production/2.0/board.xml as part xczu58dr-fsvg1517-2-i specified in board_part file is either invalid or not available
WARNING: [Board 49-26] cannot add Board Part xilinx.com:zcu216ld:part0:2.0 available at C:/Xilinx/Vivado/2022.1/data/xhub/boards/XilinxBoardStore/boards/Xilinx/zcu216ld/production/2.0/board.xml as part xczu59dr-ffvf1760-2-i specified in board_part file is either invalid or not available
WARNING: [Board 49-26] cannot add Board Part xilinx.com:zcu670:part0:2.0 available at C:/Xilinx/Vivado/2022.1/data/xhub/boards/XilinxBoardStore/boards/Xilinx/zcu670/2.0/board.xml as part xczu67dr-fsve1156-2-i specified in board_part file is either invalid or not available
WARNING: [Board 49-26] cannot add Board Part xilinx.com:zcu670ld:part0:1.0 available at C:/Xilinx/Vivado/2022.1/data/xhub/boards/XilinxBoardStore/boards/Xilinx/zcu670ld/1.0/board.xml as part xczu57dr-fsve1156-2-i specified in board_part file is either invalid or not available
open_project E:/UpgradeProjects/Cora-Z7/hw/proj/hw.xpr
INFO: [filemgmt 56-3] Default IP Output Path : Could not find the directory 'E:/UpgradeProjects/Cora-Z7/hw/proj/hw.gen/sources_1'.
Scanning sources...
Finished scanning sources
INFO: [Project 1-230] Project 'hw.xpr' upgraded for this version of Vivado.
INFO: [IP_Flow 19-234] Refreshing IP repositories
INFO: [IP_Flow 19-1700] Loaded user IP repository 'e:/UpgradeProjects/Cora-Z7/hw/repo'.
INFO: [IP_Flow 19-2313] Loaded Vivado IP repository 'C:/Xilinx/Vivado/2022.1/data/ip'.
open_project: Time (s): cpu = 00:00:15 ; elapsed = 00:00:05 . Memory (MB): peak = 1468.078 ; gain = 130.562
update_compile_order -fileset sources_1
source E:/UpgradeProjects/Cora-Z7/hw/scripts/checkin.tcl
# set script_dir [file normalize [file dirname [info script]]]
# foreach arg $argv {
#     puts $arg
# }
# set idx [lsearch ${argv} "-r"]
# if {${idx} != -1} {
#     set repo_path [glob -nocomplain [file normalize [lindex ${argv} [expr {${idx}+1}]]]]
# } else {
#     # Default
#     set repo_path [file normalize [file join [file dirname [info script]] ..]]
# }
# set idx [lsearch ${argv} "-x"]
# if {${idx} != -1} {
#     set xpr_path [glob -nocomplain [file normalize [lindex ${argv} [expr {${idx}+1}]]]]
# } else {
#     # Default
#     set xpr_path [glob -nocomplain "${repo_path}/proj/*.xpr"]
# }
# if {[llength ${xpr_path}] != 1} {
#     puts "ERROR: XPR not found"
# } else {
#     set xpr_path [lindex ${xpr_path} 0]
# }
# set idx [lsearch ${argv} "-v"]
# if {${idx} != -1} {
#     set vivado_version [lindex ${argv}]
# } else {
#     set vivado_version [version -short]
# }
# set vivado_version [lindex $argv 2];
# set force_overwrite_info_script 0;
# set proj_file [file tail $xpr_path]
# set proj_dir [file dirname $xpr_path]
# set proj_name [file rootname [file tail $proj_file]]
# puts "INFO: Checking project \"$proj_file\" into version control."
INFO: Checking project "hw.xpr" into version control.
# set already_opened [get_projects -filter "DIRECTORY==$proj_dir && NAME==$proj_name"]
# if {[llength $already_opened] == 0} {
#     open_project $xpr_path
# } else {
#     current_project [lindex $already_opened 0]
# }
# set required_dirs [list                 \
#     $repo_path/proj                     \
#     $repo_path/hw_handoff               \
#     $repo_path/src                      \
#     $repo_path/src/bd                   \
#     $repo_path/src/constraints          \
#     $repo_path/src/ip                   \
#     $repo_path/src/hdl                  \
#     $repo_path/src/other                \
#     $repo_path/repo                     \
#     $repo_path/repo/local               \
# ]
# set required_files [list                \
#     $repo_path/proj/.keep               \
#     $repo_path/hw_handoff/.keep         \
#     $repo_path/src/bd/.keep             \
#     $repo_path/src/constraints/.keep    \
#     $repo_path/src/ip/.keep             \
#     $repo_path/src/hdl/.keep            \
#     $repo_path/src/other/.keep          \
#     $repo_path/repo/local/.keep         \
# ]
# set files [list]
# foreach d $required_dirs {
#     if {[file exists $d] == 0} {
#         file mkdir $d
#     }
# }
# foreach f $required_files {
#     if {[file exists $f] == 0} {
#         close [open $f "w"]
#     }
# }
WARNING: [Vivado 12-818] No files matched '*'
# set bd_files [get_files -filter "NAME=~*.bd && NAME!~*/bd/*/ip/*"]
# if {[llength $bd_files] > 1} {
#     puts "ERROR: This script cannot handle projects containing more than one block design!"
# } elseif {[llength $bd_files] == 1} {
#     set bd_file [lindex $bd_files 0]
#     open_bd_design $bd_file
#     set bd_name [file tail [file rootname [get_property NAME $bd_file]]]
#     set script_name "$repo_path/src/bd/${bd_name}.tcl"
#     puts "INFO: Checking in ${script_name} to version control."
#     write_bd_tcl -force -no_ip_version -make_local $script_name
#     # TODO: Add support for "Add Module" IPI features (check in hdl files included in sources_1, but not any ip fileset)
# } else {
#     foreach source_file [get_files -of_objects [get_filesets sources_1]] {
#         set origin [get_property name $source_file]
#         set skip 0
#         if {[file extension $origin] == ".vhd"} {
#             set subdir hdl
#         } elseif {[file extension $origin] == ".v"} {
#             set subdir hdl
#         } elseif {[file extension $origin] == ".sv"} {
#             set subdir hdl
#         } elseif {[file extension $origin] != ".bd" && [file extension $origin] != ".xci"} {
#             set subdir other
#         } else {
#             set skip 1
#         }
#         
#         foreach ip [get_ips] {
#             set ip_dir [get_property IP_DIR $ip]
#             set source_length [string length $source_file]
#             set dir_length [string length $ip_dir]
#             if {$source_length >= $dir_length && [string range $source_file 0 $dir_length-1] == $ip_dir} {
#                 set skip 1
#             }
#         }
#         
#         if {$skip == 0} {
#             puts "INFO: Checking in [file tail $origin] to version control."
#             set target $repo_path/src/$subdir/[file tail $origin]
#             if {[file exists $target] == 0} { # TODO: this may not be safe; remind users to make sure to delete any unused files from version control
#                 file copy -force $origin $target
#             }
#         }
#     }
# 	
# #Convert each core container back to its original format
# 	foreach ip [get_ips] { 
# 	set ip_core_cont [get_property IP_CORE_CONTAINER $ip]
# 	if {[llength ${ip_core_cont}] != 0} {
# 		puts "INFO: Found $ip_core_cont for $ip"
# 		puts "Convert $ip currently in the core container format into the expanded form of the non-core container format"
# 		convert_ips -force -from_core_container [get_files  [get_property ip_file $ip]]
# 	}
# }
#     foreach ip [get_ips] {
#         set origin [get_property ip_file $ip]
#         set ipname [get_property name $ip]
#         set dir "$repo_path/src/ip/$ipname"
#         if {[file exists $dir] == 0} {
#             file mkdir $dir
#         }
#         set target $dir/[file tail $origin]
#         puts "INFO: Checking in [file tail $origin] to version control."
#         if {[file exists $target] == 0} {
#             # TODO: this may not be safe; remind users to make sure to delete any unused files from version control
#             file copy -force $origin $target
#         }
#     }
#     # TODO: foreach file in /src/ip, if it wasn't just checked in, delete it
# }
WARNING: [Coretcl 2-176] No IPs found
INFO: Checking in debouncer.v to version control.
WARNING: [Coretcl 2-176] No IPs found
INFO: Checking in pwm.v to version control.
WARNING: [Coretcl 2-176] No IPs found
INFO: Checking in top.v to version control.
WARNING: [Coretcl 2-176] No IPs found
WARNING: [Coretcl 2-176] No IPs found
# foreach constraint_file [get_files -of_objects [get_filesets constrs_1]] {
#     set origin [get_property name $constraint_file]
#     set target $repo_path/src/constraints/[file tail $origin]
#     puts "INFO: Checking in [file tail $origin] to version control."
#         if {[file exists $target] == 0} { # TODO: this may not be safe; remind users to make sure to delete any unused files from version control
#         file copy -force $origin $target
#     }
# }
INFO: Checking in Cora-Z7-07S-Master.xdc to version control.
# if {[file exists $repo_path/project_info.tcl] == 0 || $force_overwrite_info_script != 0} {
#     set proj_obj [get_projects [file rootname $proj_file]]
#     
#     set board_part [current_board_part -quiet]
#     set part [get_property part $proj_obj]
#     set default_lib [get_property default_lib $proj_obj]
#     set simulator_language [get_property simulator_language $proj_obj]
#     set target_language [get_property target_language $proj_obj]
#     set directives "#Custom directives for synthesis and implementation"
# 
# 	#Fetch non-default synthesis and implementation settings
# 	foreach prop [list_property [get_runs synth_1] STEPS.*.ARGS.*] {
# 		set Dval [list_property_value -default $prop [get_runs synth_1]]
# 		set val [get_property $prop [get_runs synth_1]]
# 		if {$Dval!=$val} {
# 			append directives "\n\tset_property " $prop " " $val " \[get_runs synth_1\]"
#     }}
# 
# 	foreach prop [list_property [get_runs impl_1] STEPS.*.ARGS.*] {
# 		set Dval [list_property_value -default $prop [get_runs impl_1]]
# 		set val [get_property $prop [get_runs impl_1]]
# 		if {$Dval!=$val} {
# 			append directives "\n\tset_property " $prop " " $val " \[get_runs impl_1\]"
#     }}
# 
#     puts "INFO: Checking in project_info.tcl to version control."
#     
#     set var_map [list <part> $part                             \
#                       <default_lib> $default_lib               \
#                       <simulator_language> $simulator_language \
#                       <target_language> $target_language       \
#                       <directives> $directives \
#     ]
# 
# 	# Even if current_board_part is empty, the replacement must be made, otherwise placeholder will be considered a board name upon checkout
#     lappend var_map <board_part> $board_part
#     
#     set file_name $repo_path/project_info.tcl
#     set dfid [open $file_name "w"]
#     set sfid [open $script_dir/templates/project_info.tcl "r"]
#     
#     while { [gets $sfid line] >= 0 } {
#         puts $dfid [string map $var_map $line]
#     }
#     
#     close $dfid
#     close $sfid
# }
# set post_build_script [file join ${repo_path} post_build.tcl]
# if {[file exists ${post_build_script}] == 0} {
#     puts "WARNING: This repository does not contain a post_build script. creating one now."
#     set target ${post_build_script}
#     set origin [file join ${script_dir} templates post_build.tcl]
#     file copy -force ${origin} ${target}
# }
WARNING: This repository does not contain a post_build script. creating one now.
# set master_gitignore [file join $repo_path .gitignore]
# if {[file exists $master_gitignore] == 0} {
#     puts "WARNING: This repository does not contain a master gitignore. creating one now."
#     set target $master_gitignore
#     set origin $script_dir/templates/hw.gitignore
#     file copy -force $origin $target
# }
# puts "INFO: Project $proj_file has been checked into version control"
INFO: Project hw.xpr has been checked into version control
close_project
source E:/UpgradeProjects/Cora-Z7/hw/scripts/checkout.tcl
# set idx [lsearch ${argv} "-r"]
# if {${idx} != -1} {
#     set repo_path [glob -nocomplain [file normalize [lindex ${argv} [expr {${idx}+1}]]]]
# } else {
#     # Default
#     set repo_path [file normalize [file dirname [info script]]/..]
# }
# set idx [lsearch ${argv} "-x"]
# if {${idx} != -1} {
#     set xpr_path [file normalize [lindex ${argv} [expr {${idx}+1}]]]
# } else {
#     # Default
#     set xpr_path [file join ${repo_path} proj [file tail $repo_path]].xpr]
# }
# set idx [lsearch ${argv} "-v"]
# if {${idx} != -1} {
#     set vivado_version [lindex ${argv} [expr {${idx}+1}]]
# } else {
#     # Default
#     set vivado_version [version -short]
# }
# set idx [lsearch ${argv} "-b"]
# if {${idx} != -1} {
#     set build_when_checked_out 1
# } else {
#     # Default
#     set build_when_checked_out 0
# }
# set idx [lsearch ${argv} "-no-block"]
# if {${idx} != -1} {
#     set wait_on_build 0
# } else {
#     # Default
#     set wait_on_build 1
# }
# set vivado_year [lindex [split $vivado_version "."] 0]
# set proj_name [file rootname [file tail $xpr_path]]
# puts "INFO: Creating new project \"$proj_name\" in [file dirname $xpr_path]"
INFO: Creating new project "hw" in E:/UpgradeProjects/Cora-Z7/hw/proj
# create_project $proj_name [file dirname $xpr_path]
INFO: [IP_Flow 19-234] Refreshing IP repositories
INFO: [IP_Flow 19-1704] No user IP repositories specified
INFO: [IP_Flow 19-2313] Loaded Vivado IP repository 'C:/Xilinx/Vivado/2022.1/data/ip'.
# source $repo_path/project_info.tcl
## proc set_project_properties_post_create_project {proj_name} {
##     set project_obj [get_projects $proj_name]
## 	set_property "part" "xc7z007sclg400-1" $project_obj
## 	set_property "board_part" "digilentinc.com:cora-z7-07s:part0:1.1" $project_obj
## 	set_property "default_lib" "xil_defaultlib" $project_obj
## 	set_property "simulator_language" "Mixed" $project_obj
## 	set_property "target_language" "Verilog" $project_obj
## }
## proc set_project_properties_pre_add_repo {proj_name} {
##     set project_obj [get_projects $proj_name]
##     # default nothing
## }
## proc set_project_properties_post_create_runs {proj_name} {
##     set project_obj [get_projects $proj_name]
##     # default nothing
## }
# puts "INFO: Capturing board information from $repo_path/project_info.tcl"
INFO: Capturing board information from E:/UpgradeProjects/Cora-Z7/hw/project_info.tcl
# set_project_properties_post_create_project $proj_name
# set obj [get_projects $proj_name]
# set part_name [get_property "part" $obj]
# puts "INFO: Configuring project IP handling properties"
INFO: Configuring project IP handling properties
# set_property "corecontainer.enable" "0" $obj
# set_property "ip_cache_permissions" "read write" $obj
# set_property "ip_output_repo" "[file normalize "$repo_path/proj/cache"]" $obj
# if {[string equal [get_filesets -quiet sources_1] ""]} {
#     puts "INFO: Creating sources_1 fileset"
#     create_fileset -srcset sources_1
# }
# if {[string equal [get_filesets -quiet constrs_1] ""]} {
#     puts "INFO: Creating constrs_1 fileset"
#     create_fileset -constrset constrs_1
# }
# puts "INFO: capturing IP-related settings from $repo_path/project_info.tcl"
INFO: capturing IP-related settings from E:/UpgradeProjects/Cora-Z7/hw/project_info.tcl
# set_project_properties_pre_add_repo $proj_name
# puts "INFO: Setting IP repository paths"
INFO: Setting IP repository paths
# set obj [get_filesets sources_1]
# set_property "ip_repo_paths" "[file normalize $repo_path/repo]" $obj
# puts "INFO: Refreshing IP repositories"
INFO: Refreshing IP repositories
# update_ip_catalog -rebuild
INFO: [IP_Flow 19-234] Refreshing IP repositories
INFO: [IP_Flow 19-1700] Loaded user IP repository 'e:/UpgradeProjects/Cora-Z7/hw/repo'.
# puts "INFO: Adding HDL sources"
INFO: Adding HDL sources
# add_files -quiet -norecurse $repo_path/src/hdl
# puts "INFO: Adding XCI IP sources"
INFO: Adding XCI IP sources
# add_files -quiet [glob -nocomplain $repo_path/src/ip/*/*.xci]
# puts "INFO: Adding constraints"
INFO: Adding constraints
# add_files -quiet -norecurse -fileset constrs_1 $repo_path/src/constraints
# set ipi_tcl_files [glob -nocomplain "$repo_path/src/bd/*.tcl"]
# set ipi_bd_files [glob -nocomplain "$repo_path/src/bd/*/*.bd"]
# if {[llength $ipi_tcl_files] > 1} {
#     # TODO: quit and log the error
#     puts "ERROR: This script cannot handle projects containing more than one block design! More than one tcl script foudn in src/bd"
# } elseif {[llength $ipi_tcl_files] == 1} {
#     # Use TCL script to rebuild block design
#     puts "INFO: Rebuilding block design from script"
#     # Create local source directory for bd
#     if {[file exist "[file rootname $xpr_path].srcs"] == 0} {
#         file mkdir "[file rootname $xpr_path].srcs"
#     }
#     if {[file exist "[file rootname $xpr_path].srcs/sources_1"] == 0} {
#         file mkdir "[file rootname $xpr_path].srcs/sources_1"
#     }
#     if {[file exist "[file rootname $xpr_path].srcs/sources_1/bd"] == 0} {
#         file mkdir "[file rootname $xpr_path].srcs/sources_1/bd"
#     }
#     # Force Non-Remote BD Flow
#     set origin_dir [pwd]
#     cd "[file rootname $xpr_path].srcs/sources_1"
#     set run_remote_bd_flow 0
#     if {[set result [catch { source [lindex $ipi_tcl_files 0] } resulttext]]} {
#         # remember global error state
#         set einfo $::errorInfo
#         set ecode $::errorCode
#         catch {cd $origin_dir}
#         return -code $result -errorcode $ecode -errorinfo $einfo $resulttext
#     }
#     cd $origin_dir
# } elseif {[llength $ipi_bd_files] > 1} {
#     # TODO: quit and log the error
#     puts "ERROR: This script cannot handle projects containing more than one block design! More than one bd file foudn in src/bd"
# } elseif {[llength $ipi_bd_files] == 1} {
#     # Add block design from .bd file and sources
#     puts "INFO: Rebuilding block design from BD fileset"
#     add_files -norecurse -quiet -fileset sources_1 [glob -nocomplain $repo_path/src/bd/*/*.bd]
#     open_bd_design [glob -nocomplain $repo_path/src/bd/*/*.bd]
#     set design_name [get_bd_designs]
#     set file "$repo_path/src/bd/$design_name/$design_name.bd"
#     set file [file normalize $file]
#     set file_obj [get_files -of_objects [get_filesets sources_1] [list "*$file"]]
#     if { ![get_property "is_locked" $file_obj] } {
#         set_property "synth_checkpoint_mode" "Hierarchical" $file_obj
#     }
# }
WARNING: [Coretcl 2-176] No IPs found
# foreach ip [get_ips -filter "IS_LOCKED==1"] {
#     upgrade_ip -vlnv [get_property UPGRADE_VERSIONS $ip] $ip
#     export_ip_user_files -of_objects $ip -no_script -sync -force -quiet
# }
# catch {
# 	# catch block prevents projects without a block design from erroring at this step
# 	set bd_name [get_bd_designs -of_objects [get_bd_cells /]]
# 	set bd_file [get_files $bd_name.bd]
# 	set wrapper_file [make_wrapper -files $bd_file -top -force]
# 	import_files -quiet -force -norecurse $wrapper_file
# 
# 	set obj [get_filesets sources_1]
# 	set_property "top" "${bd_name}_wrapper" $obj
# }
ERROR: [BD 5-104] A block design must be open to run this command. Please create/open a block design.
# if {[string equal [get_runs -quiet synth_1] ""]} {
#     puts "INFO: Creating synth_1 run"
#     create_run -name synth_1 -part $part_name -flow {Vivado Synthesis $vivado_year} -strategy "Vivado Synthesis Defaults" -constrset constrs_1
# } else {
#     set_property strategy "Vivado Synthesis Defaults" [get_runs synth_1]
#     set_property flow "Vivado Synthesis $vivado_year" [get_runs synth_1]
# }
# puts "INFO: Configuring synth_1 run"
INFO: Configuring synth_1 run
# set obj [get_runs synth_1]
# set_property "part" $part_name $obj
# puts "INFO: Setting current synthesis run"
INFO: Setting current synthesis run
# current_run -synthesis [get_runs synth_1]
# if {[string equal [get_runs -quiet impl_1] ""]} {
#     puts "INFO: Creating impl_1 run"
#     create_run -name impl_1 -part $part_name -flow {Vivado Implementation $vivado_year} -strategy "Vivado Implementation Defaults" -constrset constrs_1 -parent_run synth_1
# } else {
#     set_property strategy "Vivado Implementation Defaults" [get_runs impl_1]
#     set_property flow "Vivado Implementation $vivado_year" [get_runs impl_1]
# }
# puts "INFO: Configuring impl_1 run"
INFO: Configuring impl_1 run
# set obj [get_runs impl_1]
# set_property "part" $part_name $obj
# puts "INFO: Setting current implementation run"
INFO: Setting current implementation run
# current_run -implementation [get_runs impl_1]
# puts "INFO: capturing run settings from $repo_path/project_info.tcl"
INFO: capturing run settings from E:/UpgradeProjects/Cora-Z7/hw/project_info.tcl
# set_project_properties_post_create_runs $proj_name
# set post_build_script_path [file join ${repo_path} post_build.tcl]
# set post_build_script [glob -nocomplain ${post_build_script_path}]
# if {${build_when_checked_out}} {
#     launch_runs -to_step write_bitstream impl_1
#     # Wait until the project has been built if -no-block wasn't specified
#     if {${wait_on_build}} {
#         wait_on_run impl_1
#         puts "INFO: Build complete"
# 
#         # If it exists, run the post_build script. This can be used to export 
#         if {${post_build_script} ne ""} {
#             source ${post_build_script}
#         } else {
#             puts "INFO: No post_build script found"
#         }
#     } else {
#         if {${post_build_script} ne ""} {
#             puts "WARNING: Build launched but ${post_build_script} has not been run"
#             puts "         After the bitstream has been generated, run the command 'source ${post_build_script}'"
#         } else {
#             puts "INFO: No post_build script found"
#         }
#     }
# }
# puts "INFO: Project created: [file tail $proj_name]"
INFO: Project created: hw
# puts "INFO: Exiting digilent_vivado_checkout"
INFO: Exiting digilent_vivado_checkout
update_compile_order -fileset sources_1
launch_runs impl_1 -to_step write_bitstream -jobs 12
[Fri Aug 26 13:35:27 2022] Launched synth_1...
Run output will be captured here: E:/UpgradeProjects/Cora-Z7/hw/proj/hw.runs/synth_1/runme.log
[Fri Aug 26 13:35:27 2022] Launched impl_1...
Run output will be captured here: E:/UpgradeProjects/Cora-Z7/hw/proj/hw.runs/impl_1/runme.log
open_hw_manager
connect_hw_server -allow_non_jtag
INFO: [Labtools 27-2285] Connecting to hw_server url TCP:localhost:3121
INFO: [Labtools 27-2222] Launching hw_server...
INFO: [Labtools 27-2221] Launch Output:

****** Xilinx hw_server v2022.1
  **** Build date : Apr 18 2022 at 16:02:36
    ** Copyright 1986-2022 Xilinx, Inc. All Rights Reserved.


INFO: [Labtools 27-3415] Connecting to cs_server url TCP:localhost:3042
INFO: [Labtools 27-3417] Launching cs_server...
INFO: [Labtools 27-2221] Launch Output:


******** Xilinx cs_server v2022.1.0
  ****** Build date   : Apr 12 2022-22:12:08
    **** Build number : 2022.1.1649790728
      ** Copyright 2017-2022 Xilinx, Inc. All Rights Reserved.



connect_hw_server: Time (s): cpu = 00:00:02 ; elapsed = 00:00:10 . Memory (MB): peak = 1468.078 ; gain = 0.000
open_hw_target
INFO: [Labtoolstcl 44-466] Opening hw_target localhost:3121/xilinx_tcf/Digilent/094483778915A
open_hw_target: Time (s): cpu = 00:00:08 ; elapsed = 00:00:12 . Memory (MB): peak = 3558.996 ; gain = 2090.918
set_property PROGRAM.FILE {E:/UpgradeProjects/Cora-Z7/hw/proj/hw.runs/impl_1/top.bit} [get_hw_devices xc7z007s_1]
current_hw_device [get_hw_devices xc7z007s_1]
refresh_hw_device -update_hw_probes false [lindex [get_hw_devices xc7z007s_1] 0]
INFO: [Labtools 27-1435] Device xc7z007s (JTAG device index = 1) is not programmed (DONE status = 0).
set_property PROBES.FILE {} [get_hw_devices xc7z007s_1]
set_property FULL_PROBES.FILE {} [get_hw_devices xc7z007s_1]
set_property PROGRAM.FILE {E:/UpgradeProjects/Cora-Z7/hw/proj/hw.runs/impl_1/top.bit} [get_hw_devices xc7z007s_1]
program_hw_devices [get_hw_devices xc7z007s_1]
INFO: [Labtools 27-3164] End of startup status: HIGH
refresh_hw_device [lindex [get_hw_devices xc7z007s_1] 0]
INFO: [Labtools 27-1434] Device xc7z007s (JTAG device index = 1) is programmed with a design that has no supported debug core(s) in it.
ERROR: [Labtoolstcl 44-513] HW Target shutdown. Closing target: localhost:3121/xilinx_tcf/Digilent/094483778915A
archive_project E:/UpgradeProjects/Archives/Cora-Z7/07S/Basic-IO/2022.1/Cora-Z7-07S-Basic-IO-hw.xpr.zip -temp_dir C:/Users/asoptere/AppData/Roaming/Xilinx/Vivado/.Xil/Vivado-1644-ASOPTEREAN -force -include_local_ip_cache
INFO: [Coretcl 2-137] starting archive...
INFO: [Coretcl 2-1499] Saving project copy to temporary location 'C:/Users/asoptere/AppData/Roaming/Xilinx/Vivado/.Xil/Vivado-1644-ASOPTEREAN' for archiving project
INFO: [filemgmt 56-3] Default IP Output Path : Could not find the directory 'E:/UpgradeProjects/Cora-Z7/hw/proj/hw.gen/sources_1'.
Scanning sources...
Finished scanning sources
INFO: [Coretcl 2-1211] Creating project copy for archival...
INFO: [ProjectBase 1-495] The host OS only allows 260 characters in a normal path. The project is stored in a path with more than 80 characters. If you experience any problem with archiving the project, please consider setting environment variable $TEMP to a shorter path.
Current project path is 'C:/Users/asoptere/AppData/Roaming/Xilinx/Vivado/.Xil/Vivado-1644-ASOPTEREAN/PrjAr/_X_'.
INFO: [Coretcl 2-1213] Including run results for 'synth_1'
INFO: [Coretcl 2-1213] Including run results for 'impl_1'
INFO: [Coretcl 2-1212] Importing remotely added design sources and verilog include files (if any)...
INFO: [filemgmt 20-348] Importing the appropriate files for fileset: 'constrs_1'
INFO: [filemgmt 20-348] Importing the appropriate files for fileset: 'sources_1'
